e:\gbn\win32project1\win32project1\debug\win32project1.pch
e:\gbn\win32project1\win32project1\debug\vc140.pdb
e:\gbn\win32project1\win32project1\debug\vc140.idb
e:\gbn\win32project1\win32project1\debug\stdafx.obj
e:\gbn\win32project1\win32project1\debug\complex.obj
e:\gbn\win32project1\win32project1\debug\trenerovca.obj
e:\gbn\win32project1\win32project1\debug\win32project1.obj
e:\gbn\win32project1\win32project1\debug\win32project1.res
e:\gbn\win32project1\debug\win32project1.ilk
e:\gbn\win32project1\debug\win32project1.exe
e:\gbn\win32project1\debug\win32project1.pdb
e:\gbn\win32project1\win32project1\debug\win32project1.tlog\cl.read.1.tlog
e:\gbn\win32project1\win32project1\debug\win32project1.tlog\cl.write.1.tlog
e:\gbn\win32project1\win32project1\debug\win32project1.tlog\cl.command.1.tlog
e:\gbn\win32project1\win32project1\debug\win32project1.tlog\rc.read.1.tlog
e:\gbn\win32project1\win32project1\debug\win32project1.tlog\rc.write.1.tlog
e:\gbn\win32project1\win32project1\debug\win32project1.tlog\rc.command.1.tlog
e:\gbn\win32project1\win32project1\debug\win32project1.tlog\link.command.1.tlog
e:\gbn\win32project1\win32project1\debug\win32project1.tlog\link.read.1.tlog
e:\gbn\win32project1\win32project1\debug\win32project1.tlog\link.write.1.tlog
